    PinCount  CellPath                                                      RefName
----------------------------------------------------------------------------------------------------
        3257  if_data_multiplexer                                           bulk_read_multiplexer
        2405  register_table                                                registers
        2397  decode_stage                                                  instruction_decode
        2344  data_cache                                                    memory_with_bram_cache
        2335  if_cache                                                      memory_with_bram_cache_0
        2202  adapter                                                       bulk_read_to_axi_adapter
        1063  writeback                                                     writeback_stage
         382  execute_stage                                                 execute
         377  uart                                                          uart_over_axi4lite
         291  fetch_stage                                                   instruction_fetch
         275  memory_controller                                             memory_controller
         223  main_memory/generate_blocks[0].mem_blk_reg                    RAMB36E1
         223  uart/write_buffer_pointer_reg_rep_0                           RAMB36E1
         223  uart/write_buffer_pointer_reg_rep_1                           RAMB36E1
         223  uart/write_buffer_pointer_reg_rep_10                          RAMB36E1
         223  uart/write_buffer_pointer_reg_rep_11                          RAMB36E1
         223  uart/write_buffer_pointer_reg_rep_12                          RAMB36E1
         223  uart/write_buffer_pointer_reg_rep_13                          RAMB36E1
         223  uart/write_buffer_pointer_reg_rep_14                          RAMB36E1
         223  uart/write_buffer_pointer_reg_rep_15                          RAMB36E1
         223  uart/write_buffer_pointer_reg_rep_16                          RAMB36E1
         223  uart/write_buffer_pointer_reg_rep_17                          RAMB36E1
         223  uart/write_buffer_pointer_reg_rep_18                          RAMB36E1
         223  uart/write_buffer_pointer_reg_rep_19                          RAMB36E1
         223  uart/write_buffer_pointer_reg_rep_2                           RAMB36E1
