#-----------------------------------------------------------
# Vivado v2024.2 (64-bit)
# SW Build 5239630 on Fri Nov 08 22:34:34 MST 2024
# IP Build 5239520 on Sun Nov 10 16:12:51 MST 2024
# SharedData Build 5239561 on Fri Nov 08 14:39:27 MST 2024
# Start of session at: Tue Sep 30 00:51:48 2025
# Process ID         : 521013
# Current directory  : /shared/DebianVMSharedDirectory/CPU2/vivado
# Command line       : vivado -mode batch -source synth.tcl -log build/vivado.log -nojournal -notrace
# Log file           : /shared/DebianVMSharedDirectory/CPU2/vivado/build/vivado.log
# Journal file       : 
# Running On         : debian-vm
# Platform           : Debian
# Operating System   : Debian GNU/Linux 12 (bookworm)
# Processor Detail   : VirtualApple @ 2.50GHz
# CPU Frequency      : 2502.057 MHz
# CPU Physical cores : 8
# CPU Logical cores  : 8
# Host memory        : 16754 MB
# Swap memory        : 1024 MB
# Total Virtual      : 17778 MB
# Available Virtual  : 13113 MB
#-----------------------------------------------------------
source synth.tcl -notrace
Command: synth_design -top tp_lvl -part xc7s25csga324
Starting synth_design
Attempting to get a license for feature 'Synthesis' and/or device 'xc7s25'
INFO: [Common 17-349] Got license for feature 'Synthesis' and/or device 'xc7s25'
INFO: [Device 21-403] Loading part xc7s25csga324-2
INFO: [Synth 8-7079] Multithreading enabled for synth_design using a maximum of 7 processes.
INFO: [Synth 8-7078] Launching helper process for spawning children vivado processes
INFO: [Synth 8-7075] Helper process launched with PID 521047
---------------------------------------------------------------------------------
Starting RTL Elaboration : Time (s): cpu = 00:00:04 ; elapsed = 00:00:04 . Memory (MB): peak = 2479.652 ; gain = 429.590 ; free physical = 8338 ; free virtual = 11192
---------------------------------------------------------------------------------
WARNING: [Synth 8-11065] parameter 'MEMORY_ADDRESS_BIT_LENGTH' becomes localparam in 'bram_over_axi' with formal parameter declaration list [/shared/DebianVMSharedDirectory/CPU2/rtl/memory/bram_over_axi.sv:31]
WARNING: [Synth 8-11065] parameter 'BLOCK_SIZE' becomes localparam in 'bram_over_axi' with formal parameter declaration list [/shared/DebianVMSharedDirectory/CPU2/rtl/memory/bram_over_axi.sv:32]
WARNING: [Synth 8-11065] parameter 'NUMBER_OF_BLOCKS' becomes localparam in 'bram_over_axi' with formal parameter declaration list [/shared/DebianVMSharedDirectory/CPU2/rtl/memory/bram_over_axi.sv:34]
WARNING: [Synth 8-11065] parameter 'ENTRIES_PER_BLOCK' becomes localparam in 'bram_over_axi' with formal parameter declaration list [/shared/DebianVMSharedDirectory/CPU2/rtl/memory/bram_over_axi.sv:35]
WARNING: [Synth 8-6901] identifier 'writeback_neccesary' is used before its declaration [/shared/DebianVMSharedDirectory/CPU2/rtl/memory/memory_with_bram_cache.sv:222]
WARNING: [Synth 8-6901] identifier 'writeback_neccesary' is used before its declaration [/shared/DebianVMSharedDirectory/CPU2/rtl/memory/memory_with_bram_cache.sv:240]
WARNING: [Synth 8-10636] default field of an assignment pattern cannot contain another assignment pattern [/shared/DebianVMSharedDirectory/CPU2/rtl/memory/memory_with_bram_cache.sv:399]
WARNING: [Synth 8-6901] identifier 'read_buffer_pointer' is used before its declaration [/shared/DebianVMSharedDirectory/CPU2/rtl/uart/uart.sv:65]
WARNING: [Synth 8-6901] identifier 'read_buffer_left_pointer' is used before its declaration [/shared/DebianVMSharedDirectory/CPU2/rtl/uart/uart.sv:65]
WARNING: [Synth 8-6901] identifier 'read_buffer_left_pointer' is used before its declaration [/shared/DebianVMSharedDirectory/CPU2/rtl/uart/uart.sv:75]
WARNING: [Synth 8-6901] identifier 'read_buffer_left_pointer' is used before its declaration [/shared/DebianVMSharedDirectory/CPU2/rtl/uart/uart.sv:77]
WARNING: [Synth 8-6901] identifier 'read_buffer_pointer' is used before its declaration [/shared/DebianVMSharedDirectory/CPU2/rtl/uart/uart.sv:77]
WARNING: [Synth 8-6901] identifier 'read_buffer_pointer' is used before its declaration [/shared/DebianVMSharedDirectory/CPU2/rtl/uart/uart.sv:77]
WARNING: [Synth 8-6901] identifier 'read_buffer_left_pointer' is used before its declaration [/shared/DebianVMSharedDirectory/CPU2/rtl/uart/uart.sv:79]
WARNING: [Synth 8-6901] identifier 'read_buffer_pointer' is used before its declaration [/shared/DebianVMSharedDirectory/CPU2/rtl/uart/uart.sv:79]
WARNING: [Synth 8-6901] identifier 'read_buffer_pointer' is used before its declaration [/shared/DebianVMSharedDirectory/CPU2/rtl/uart/uart.sv:79]
WARNING: [Synth 8-6901] identifier 'read_buffer' is used before its declaration [/shared/DebianVMSharedDirectory/CPU2/rtl/uart/uart.sv:82]
WARNING: [Synth 8-6901] identifier 'read_buffer_left_pointer' is used before its declaration [/shared/DebianVMSharedDirectory/CPU2/rtl/uart/uart.sv:82]
WARNING: [Synth 8-6901] identifier 'write_buffer_pointer' is used before its declaration [/shared/DebianVMSharedDirectory/CPU2/rtl/uart/uart.sv:89]
WARNING: [Synth 8-6901] identifier 'write_buffer_left_pointer' is used before its declaration [/shared/DebianVMSharedDirectory/CPU2/rtl/uart/uart.sv:89]
WARNING: [Synth 8-10636] default field of an assignment pattern cannot contain another assignment pattern [/shared/DebianVMSharedDirectory/CPU2/rtl/pipeline_stages/2_instruction_decode/instruction_decode_types.sv:175]
WARNING: [Synth 8-10636] default field of an assignment pattern cannot contain another assignment pattern [/shared/DebianVMSharedDirectory/CPU2/rtl/pipeline_stages/2_instruction_decode/instruction_decode_types.sv:239]
WARNING: [Synth 8-6901] identifier 'operand_1_d' is used before its declaration [/shared/DebianVMSharedDirectory/CPU2/rtl/pipeline_stages/2_instruction_decode/instruction_decode.sv:96]
WARNING: [Synth 8-6901] identifier 'operand_2_d' is used before its declaration [/shared/DebianVMSharedDirectory/CPU2/rtl/pipeline_stages/2_instruction_decode/instruction_decode.sv:97]
WARNING: [Synth 8-6901] identifier 'misc_op_d' is used before its declaration [/shared/DebianVMSharedDirectory/CPU2/rtl/pipeline_stages/2_instruction_decode/instruction_decode.sv:98]
WARNING: [Synth 8-6901] identifier 'rd_d' is used before its declaration [/shared/DebianVMSharedDirectory/CPU2/rtl/pipeline_stages/2_instruction_decode/instruction_decode.sv:99]
WARNING: [Synth 8-6901] identifier 'operand_1_fwd_d' is used before its declaration [/shared/DebianVMSharedDirectory/CPU2/rtl/pipeline_stages/2_instruction_decode/instruction_decode.sv:100]
WARNING: [Synth 8-6901] identifier 'operand_2_fwd_d' is used before its declaration [/shared/DebianVMSharedDirectory/CPU2/rtl/pipeline_stages/2_instruction_decode/instruction_decode.sv:101]
WARNING: [Synth 8-6901] identifier 'stall_a' is used before its declaration [/shared/DebianVMSharedDirectory/CPU2/rtl/pipeline_stages/2_instruction_decode/instruction_decode.sv:115]
WARNING: [Synth 8-6901] identifier 'stall_b' is used before its declaration [/shared/DebianVMSharedDirectory/CPU2/rtl/pipeline_stages/2_instruction_decode/instruction_decode.sv:115]
WARNING: [Synth 8-10180] variable 'operand_1_next_register' must explicitly be declared as automatic or static [/shared/DebianVMSharedDirectory/CPU2/rtl/pipeline_stages/2_instruction_decode/instruction_decode.sv:308]
WARNING: [Synth 8-10180] variable 'operand_2_next_register' must explicitly be declared as automatic or static [/shared/DebianVMSharedDirectory/CPU2/rtl/pipeline_stages/2_instruction_decode/instruction_decode.sv:309]
WARNING: [Synth 8-10180] variable 'offset' must explicitly be declared as automatic or static [/shared/DebianVMSharedDirectory/CPU2/rtl/pipeline_stages/4_memoryrw/memoryrw.sv:87]
INFO: [Synth 8-6157] synthesizing module 'tp_lvl' [/shared/DebianVMSharedDirectory/CPU2/rtl/tp_lvl.sv:1]
INFO: [Synth 8-6157] synthesizing module 'axi_interface_if' [/shared/DebianVMSharedDirectory/CPU2/rtl/memory/lib/axi_interface_if.sv:6]
INFO: [Synth 8-6155] done synthesizing module 'axi_interface_if' (0#1) [/shared/DebianVMSharedDirectory/CPU2/rtl/memory/lib/axi_interface_if.sv:6]
INFO: [Synth 8-6157] synthesizing module 'bulk_read_interface' [/shared/DebianVMSharedDirectory/CPU2/rtl/memory/bulk_read_interface.sv:1]
INFO: [Synth 8-6155] done synthesizing module 'bulk_read_interface' (0#1) [/shared/DebianVMSharedDirectory/CPU2/rtl/memory/bulk_read_interface.sv:1]
INFO: [Synth 8-6157] synthesizing module 'bulk_read_interface' [/shared/DebianVMSharedDirectory/CPU2/rtl/memory/bulk_read_interface.sv:1]
INFO: [Synth 8-6155] done synthesizing module 'bulk_read_interface' (0#1) [/shared/DebianVMSharedDirectory/CPU2/rtl/memory/bulk_read_interface.sv:1]
INFO: [Synth 8-6157] synthesizing module 'bulk_read_interface' [/shared/DebianVMSharedDirectory/CPU2/rtl/memory/bulk_read_interface.sv:1]
INFO: [Synth 8-6155] done synthesizing module 'bulk_read_interface' (0#1) [/shared/DebianVMSharedDirectory/CPU2/rtl/memory/bulk_read_interface.sv:1]
INFO: [Synth 8-6157] synthesizing module 'axil_interface_if' [/shared/DebianVMSharedDirectory/CPU2/rtl/memory/lib/axil_interface_if.sv:11]
	Parameter DATA_W bound to: 64 - type: integer 
INFO: [Synth 8-6155] done synthesizing module 'axil_interface_if' (0#1) [/shared/DebianVMSharedDirectory/CPU2/rtl/memory/lib/axil_interface_if.sv:11]
INFO: [Synth 8-6157] synthesizing module 'axil_interface_if' [/shared/DebianVMSharedDirectory/CPU2/rtl/memory/lib/axil_interface_if.sv:11]
	Parameter DATA_W bound to: 64 - type: integer 
INFO: [Synth 8-6155] done synthesizing module 'axil_interface_if' (0#1) [/shared/DebianVMSharedDirectory/CPU2/rtl/memory/lib/axil_interface_if.sv:11]
INFO: [Synth 8-6157] synthesizing module 'axil_interface_if' [/shared/DebianVMSharedDirectory/CPU2/rtl/memory/lib/axil_interface_if.sv:11]
	Parameter DATA_W bound to: 64 - type: integer 
INFO: [Synth 8-6155] done synthesizing module 'axil_interface_if' (0#1) [/shared/DebianVMSharedDirectory/CPU2/rtl/memory/lib/axil_interface_if.sv:11]
INFO: [Synth 8-6157] synthesizing module 'axil_interface_if' [/shared/DebianVMSharedDirectory/CPU2/rtl/memory/lib/axil_interface_if.sv:11]
	Parameter DATA_W bound to: 64 - type: integer 
INFO: [Synth 8-6155] done synthesizing module 'axil_interface_if' (0#1) [/shared/DebianVMSharedDirectory/CPU2/rtl/memory/lib/axil_interface_if.sv:11]
INFO: [Synth 8-6157] synthesizing module 'axil_interface_if' [/shared/DebianVMSharedDirectory/CPU2/rtl/memory/lib/axil_interface_if.sv:11]
	Parameter DATA_W bound to: 32 - type: integer 
INFO: [Synth 8-6155] done synthesizing module 'axil_interface_if' (0#1) [/shared/DebianVMSharedDirectory/CPU2/rtl/memory/lib/axil_interface_if.sv:11]
WARNING: [Synth 8-4446] all outputs are unconnected for this instance and logic may be removed [/shared/DebianVMSharedDirectory/CPU2/rtl/tp_lvl.sv:33]
INFO: [Synth 8-6157] synthesizing module 'registers' [/shared/DebianVMSharedDirectory/CPU2/rtl/registers/registers.sv:5]
INFO: [Synth 8-6155] done synthesizing module 'registers' (0#1) [/shared/DebianVMSharedDirectory/CPU2/rtl/registers/registers.sv:5]
INFO: [Synth 8-6157] synthesizing module 'bulk_read_to_axi_adapter' [/shared/DebianVMSharedDirectory/CPU2/rtl/memory/bulk_read_to_axi_adapter.sv:1]
INFO: [Synth 8-155] case statement is not full and has no default [/shared/DebianVMSharedDirectory/CPU2/rtl/memory/bulk_read_to_axi_adapter.sv:97]
INFO: [Synth 8-6155] done synthesizing module 'bulk_read_to_axi_adapter' (0#1) [/shared/DebianVMSharedDirectory/CPU2/rtl/memory/bulk_read_to_axi_adapter.sv:1]
INFO: [Synth 8-6157] synthesizing module 'bram_over_axi' [/shared/DebianVMSharedDirectory/CPU2/rtl/memory/bram_over_axi.sv:7]
INFO: [Synth 8-251] Reading block: firmware/build/c0.chunk [/shared/DebianVMSharedDirectory/CPU2/rtl/memory/bram_over_axi.sv:235]
INFO: [Synth 8-3876] $readmem data file '../firmware/build/c0.chunk' is read successfully [/shared/DebianVMSharedDirectory/CPU2/rtl/memory/bram_over_axi.sv:237]
INFO: [Synth 8-155] case statement is not full and has no default [/shared/DebianVMSharedDirectory/CPU2/rtl/memory/bram_over_axi.sv:68]
INFO: [Synth 8-155] case statement is not full and has no default [/shared/DebianVMSharedDirectory/CPU2/rtl/memory/bram_over_axi.sv:74]
INFO: [Synth 8-155] case statement is not full and has no default [/shared/DebianVMSharedDirectory/CPU2/rtl/memory/bram_over_axi.sv:111]
INFO: [Synth 8-155] case statement is not full and has no default [/shared/DebianVMSharedDirectory/CPU2/rtl/memory/bram_over_axi.sv:153]
INFO: [Synth 8-155] case statement is not full and has no default [/shared/DebianVMSharedDirectory/CPU2/rtl/memory/bram_over_axi.sv:68]
INFO: [Synth 8-155] case statement is not full and has no default [/shared/DebianVMSharedDirectory/CPU2/rtl/memory/bram_over_axi.sv:197]
INFO: [Synth 8-155] case statement is not full and has no default [/shared/DebianVMSharedDirectory/CPU2/rtl/memory/bram_over_axi.sv:74]
INFO: [Synth 8-155] case statement is not full and has no default [/shared/DebianVMSharedDirectory/CPU2/rtl/memory/bram_over_axi.sv:215]
INFO: [Synth 8-6155] done synthesizing module 'bram_over_axi' (0#1) [/shared/DebianVMSharedDirectory/CPU2/rtl/memory/bram_over_axi.sv:7]
INFO: [Synth 8-6157] synthesizing module 'bulk_read_multiplexer' [/shared/DebianVMSharedDirectory/CPU2/rtl/memory/bulk_read_multiplexer.sv:1]
INFO: [Synth 8-6155] done synthesizing module 'bulk_read_multiplexer' (0#1) [/shared/DebianVMSharedDirectory/CPU2/rtl/memory/bulk_read_multiplexer.sv:1]
INFO: [Synth 8-6157] synthesizing module 'memory_with_bram_cache' [/shared/DebianVMSharedDirectory/CPU2/rtl/memory/memory_with_bram_cache.sv:1]
INFO: [Synth 8-155] case statement is not full and has no default [/shared/DebianVMSharedDirectory/CPU2/rtl/memory/memory_with_bram_cache.sv:183]
WARNING: [Synth 8-6090] variable 'cache_valid_dirty' is written by both blocking and non-blocking assignments, entire logic could be removed [/shared/DebianVMSharedDirectory/CPU2/rtl/memory/memory_with_bram_cache.sv:226]
WARNING: [Synth 8-6090] variable 'cache_valid_dirty' is written by both blocking and non-blocking assignments, entire logic could be removed [/shared/DebianVMSharedDirectory/CPU2/rtl/memory/memory_with_bram_cache.sv:226]
WARNING: [Synth 8-6090] variable 'cache_valid_dirty' is written by both blocking and non-blocking assignments, entire logic could be removed [/shared/DebianVMSharedDirectory/CPU2/rtl/memory/memory_with_bram_cache.sv:226]
WARNING: [Synth 8-6090] variable 'cache_valid_dirty' is written by both blocking and non-blocking assignments, entire logic could be removed [/shared/DebianVMSharedDirectory/CPU2/rtl/memory/memory_with_bram_cache.sv:226]
WARNING: [Synth 8-6090] variable 'cache_valid_dirty' is written by both blocking and non-blocking assignments, entire logic could be removed [/shared/DebianVMSharedDirectory/CPU2/rtl/memory/memory_with_bram_cache.sv:226]
WARNING: [Synth 8-6090] variable 'cache_valid_dirty' is written by both blocking and non-blocking assignments, entire logic could be removed [/shared/DebianVMSharedDirectory/CPU2/rtl/memory/memory_with_bram_cache.sv:226]
WARNING: [Synth 8-6090] variable 'cache_valid_dirty' is written by both blocking and non-blocking assignments, entire logic could be removed [/shared/DebianVMSharedDirectory/CPU2/rtl/memory/memory_with_bram_cache.sv:226]
WARNING: [Synth 8-6090] variable 'cache_valid_dirty' is written by both blocking and non-blocking assignments, entire logic could be removed [/shared/DebianVMSharedDirectory/CPU2/rtl/memory/memory_with_bram_cache.sv:226]
WARNING: [Synth 8-6090] variable 'cache_valid_dirty' is written by both blocking and non-blocking assignments, entire logic could be removed [/shared/DebianVMSharedDirectory/CPU2/rtl/memory/memory_with_bram_cache.sv:226]
WARNING: [Synth 8-6090] variable 'cache_valid_dirty' is written by both blocking and non-blocking assignments, entire logic could be removed [/shared/DebianVMSharedDirectory/CPU2/rtl/memory/memory_with_bram_cache.sv:226]
WARNING: [Synth 8-6090] variable 'cache_valid_dirty' is written by both blocking and non-blocking assignments, entire logic could be removed [/shared/DebianVMSharedDirectory/CPU2/rtl/memory/memory_with_bram_cache.sv:226]
WARNING: [Synth 8-6090] variable 'cache_valid_dirty' is written by both blocking and non-blocking assignments, entire logic could be removed [/shared/DebianVMSharedDirectory/CPU2/rtl/memory/memory_with_bram_cache.sv:226]
WARNING: [Synth 8-6090] variable 'cache_valid_dirty' is written by both blocking and non-blocking assignments, entire logic could be removed [/shared/DebianVMSharedDirectory/CPU2/rtl/memory/memory_with_bram_cache.sv:226]
WARNING: [Synth 8-6090] variable 'cache_valid_dirty' is written by both blocking and non-blocking assignments, entire logic could be removed [/shared/DebianVMSharedDirectory/CPU2/rtl/memory/memory_with_bram_cache.sv:226]
WARNING: [Synth 8-6090] variable 'cache_valid_dirty' is written by both blocking and non-blocking assignments, entire logic could be removed [/shared/DebianVMSharedDirectory/CPU2/rtl/memory/memory_with_bram_cache.sv:226]
WARNING: [Synth 8-6090] variable 'cache_valid_dirty' is written by both blocking and non-blocking assignments, entire logic could be removed [/shared/DebianVMSharedDirectory/CPU2/rtl/memory/memory_with_bram_cache.sv:226]
WARNING: [Synth 8-6090] variable 'cache_valid_dirty' is written by both blocking and non-blocking assignments, entire logic could be removed [/shared/DebianVMSharedDirectory/CPU2/rtl/memory/memory_with_bram_cache.sv:226]
WARNING: [Synth 8-6090] variable 'cache_valid_dirty' is written by both blocking and non-blocking assignments, entire logic could be removed [/shared/DebianVMSharedDirectory/CPU2/rtl/memory/memory_with_bram_cache.sv:226]
WARNING: [Synth 8-6090] variable 'cache_valid_dirty' is written by both blocking and non-blocking assignments, entire logic could be removed [/shared/DebianVMSharedDirectory/CPU2/rtl/memory/memory_with_bram_cache.sv:226]
WARNING: [Synth 8-6090] variable 'cache_valid_dirty' is written by both blocking and non-blocking assignments, entire logic could be removed [/shared/DebianVMSharedDirectory/CPU2/rtl/memory/memory_with_bram_cache.sv:226]
WARNING: [Synth 8-6090] variable 'cache_valid_dirty' is written by both blocking and non-blocking assignments, entire logic could be removed [/shared/DebianVMSharedDirectory/CPU2/rtl/memory/memory_with_bram_cache.sv:226]
WARNING: [Synth 8-6090] variable 'cache_valid_dirty' is written by both blocking and non-blocking assignments, entire logic could be removed [/shared/DebianVMSharedDirectory/CPU2/rtl/memory/memory_with_bram_cache.sv:226]
WARNING: [Synth 8-6090] variable 'cache_valid_dirty' is written by both blocking and non-blocking assignments, entire logic could be removed [/shared/DebianVMSharedDirectory/CPU2/rtl/memory/memory_with_bram_cache.sv:226]
WARNING: [Synth 8-6090] variable 'cache_valid_dirty' is written by both blocking and non-blocking assignments, entire logic could be removed [/shared/DebianVMSharedDirectory/CPU2/rtl/memory/memory_with_bram_cache.sv:226]
WARNING: [Synth 8-6090] variable 'cache_valid_dirty' is written by both blocking and non-blocking assignments, entire logic could be removed [/shared/DebianVMSharedDirectory/CPU2/rtl/memory/memory_with_bram_cache.sv:226]
WARNING: [Synth 8-6090] variable 'cache_valid_dirty' is written by both blocking and non-blocking assignments, entire logic could be removed [/shared/DebianVMSharedDirectory/CPU2/rtl/memory/memory_with_bram_cache.sv:226]
WARNING: [Synth 8-6090] variable 'cache_valid_dirty' is written by both blocking and non-blocking assignments, entire logic could be removed [/shared/DebianVMSharedDirectory/CPU2/rtl/memory/memory_with_bram_cache.sv:226]
WARNING: [Synth 8-6090] variable 'cache_valid_dirty' is written by both blocking and non-blocking assignments, entire logic could be removed [/shared/DebianVMSharedDirectory/CPU2/rtl/memory/memory_with_bram_cache.sv:226]
WARNING: [Synth 8-6090] variable 'cache_valid_dirty' is written by both blocking and non-blocking assignments, entire logic could be removed [/shared/DebianVMSharedDirectory/CPU2/rtl/memory/memory_with_bram_cache.sv:226]
WARNING: [Synth 8-6090] variable 'cache_valid_dirty' is written by both blocking and non-blocking assignments, entire logic could be removed [/shared/DebianVMSharedDirectory/CPU2/rtl/memory/memory_with_bram_cache.sv:226]
WARNING: [Synth 8-6090] variable 'cache_valid_dirty' is written by both blocking and non-blocking assignments, entire logic could be removed [/shared/DebianVMSharedDirectory/CPU2/rtl/memory/memory_with_bram_cache.sv:226]
WARNING: [Synth 8-6090] variable 'cache_valid_dirty' is written by both blocking and non-blocking assignments, entire logic could be removed [/shared/DebianVMSharedDirectory/CPU2/rtl/memory/memory_with_bram_cache.sv:226]
INFO: [Synth 8-155] case statement is not full and has no default [/shared/DebianVMSharedDirectory/CPU2/rtl/memory/memory_with_bram_cache.sv:252]
INFO: [Synth 8-155] case statement is not full and has no default [/shared/DebianVMSharedDirectory/CPU2/rtl/memory/memory_with_bram_cache.sv:286]
INFO: [Synth 8-155] case statement is not full and has no default [/shared/DebianVMSharedDirectory/CPU2/rtl/memory/memory_with_bram_cache.sv:360]
INFO: [Synth 8-6155] done synthesizing module 'memory_with_bram_cache' (0#1) [/shared/DebianVMSharedDirectory/CPU2/rtl/memory/memory_with_bram_cache.sv:1]
INFO: [Synth 8-6157] synthesizing module 'memory_with_bram_cache__parameterized0' [/shared/DebianVMSharedDirectory/CPU2/rtl/memory/memory_with_bram_cache.sv:1]
INFO: [Synth 8-155] case statement is not full and has no default [/shared/DebianVMSharedDirectory/CPU2/rtl/memory/memory_with_bram_cache.sv:183]
WARNING: [Synth 8-6090] variable 'cache_valid_dirty' is written by both blocking and non-blocking assignments, entire logic could be removed [/shared/DebianVMSharedDirectory/CPU2/rtl/memory/memory_with_bram_cache.sv:226]
WARNING: [Synth 8-6090] variable 'cache_valid_dirty' is written by both blocking and non-blocking assignments, entire logic could be removed [/shared/DebianVMSharedDirectory/CPU2/rtl/memory/memory_with_bram_cache.sv:226]
WARNING: [Synth 8-6090] variable 'cache_valid_dirty' is written by both blocking and non-blocking assignments, entire logic could be removed [/shared/DebianVMSharedDirectory/CPU2/rtl/memory/memory_with_bram_cache.sv:226]
WARNING: [Synth 8-6090] variable 'cache_valid_dirty' is written by both blocking and non-blocking assignments, entire logic could be removed [/shared/DebianVMSharedDirectory/CPU2/rtl/memory/memory_with_bram_cache.sv:226]
WARNING: [Synth 8-6090] variable 'cache_valid_dirty' is written by both blocking and non-blocking assignments, entire logic could be removed [/shared/DebianVMSharedDirectory/CPU2/rtl/memory/memory_with_bram_cache.sv:226]
WARNING: [Synth 8-6090] variable 'cache_valid_dirty' is written by both blocking and non-blocking assignments, entire logic could be removed [/shared/DebianVMSharedDirectory/CPU2/rtl/memory/memory_with_bram_cache.sv:226]
WARNING: [Synth 8-6090] variable 'cache_valid_dirty' is written by both blocking and non-blocking assignments, entire logic could be removed [/shared/DebianVMSharedDirectory/CPU2/rtl/memory/memory_with_bram_cache.sv:226]
WARNING: [Synth 8-6090] variable 'cache_valid_dirty' is written by both blocking and non-blocking assignments, entire logic could be removed [/shared/DebianVMSharedDirectory/CPU2/rtl/memory/memory_with_bram_cache.sv:226]
WARNING: [Synth 8-6090] variable 'cache_valid_dirty' is written by both blocking and non-blocking assignments, entire logic could be removed [/shared/DebianVMSharedDirectory/CPU2/rtl/memory/memory_with_bram_cache.sv:226]
WARNING: [Synth 8-6090] variable 'cache_valid_dirty' is written by both blocking and non-blocking assignments, entire logic could be removed [/shared/DebianVMSharedDirectory/CPU2/rtl/memory/memory_with_bram_cache.sv:226]
WARNING: [Synth 8-6090] variable 'cache_valid_dirty' is written by both blocking and non-blocking assignments, entire logic could be removed [/shared/DebianVMSharedDirectory/CPU2/rtl/memory/memory_with_bram_cache.sv:226]
WARNING: [Synth 8-6090] variable 'cache_valid_dirty' is written by both blocking and non-blocking assignments, entire logic could be removed [/shared/DebianVMSharedDirectory/CPU2/rtl/memory/memory_with_bram_cache.sv:226]
WARNING: [Synth 8-6090] variable 'cache_valid_dirty' is written by both blocking and non-blocking assignments, entire logic could be removed [/shared/DebianVMSharedDirectory/CPU2/rtl/memory/memory_with_bram_cache.sv:226]
WARNING: [Synth 8-6090] variable 'cache_valid_dirty' is written by both blocking and non-blocking assignments, entire logic could be removed [/shared/DebianVMSharedDirectory/CPU2/rtl/memory/memory_with_bram_cache.sv:226]
WARNING: [Synth 8-6090] variable 'cache_valid_dirty' is written by both blocking and non-blocking assignments, entire logic could be removed [/shared/DebianVMSharedDirectory/CPU2/rtl/memory/memory_with_bram_cache.sv:226]
WARNING: [Synth 8-6090] variable 'cache_valid_dirty' is written by both blocking and non-blocking assignments, entire logic could be removed [/shared/DebianVMSharedDirectory/CPU2/rtl/memory/memory_with_bram_cache.sv:226]
WARNING: [Synth 8-6090] variable 'cache_valid_dirty' is written by both blocking and non-blocking assignments, entire logic could be removed [/shared/DebianVMSharedDirectory/CPU2/rtl/memory/memory_with_bram_cache.sv:226]
WARNING: [Synth 8-6090] variable 'cache_valid_dirty' is written by both blocking and non-blocking assignments, entire logic could be removed [/shared/DebianVMSharedDirectory/CPU2/rtl/memory/memory_with_bram_cache.sv:226]
WARNING: [Synth 8-6090] variable 'cache_valid_dirty' is written by both blocking and non-blocking assignments, entire logic could be removed [/shared/DebianVMSharedDirectory/CPU2/rtl/memory/memory_with_bram_cache.sv:226]
WARNING: [Synth 8-6090] variable 'cache_valid_dirty' is written by both blocking and non-blocking assignments, entire logic could be removed [/shared/DebianVMSharedDirectory/CPU2/rtl/memory/memory_with_bram_cache.sv:226]
WARNING: [Synth 8-6090] variable 'cache_valid_dirty' is written by both blocking and non-blocking assignments, entire logic could be removed [/shared/DebianVMSharedDirectory/CPU2/rtl/memory/memory_with_bram_cache.sv:226]
WARNING: [Synth 8-6090] variable 'cache_valid_dirty' is written by both blocking and non-blocking assignments, entire logic could be removed [/shared/DebianVMSharedDirectory/CPU2/rtl/memory/memory_with_bram_cache.sv:226]
WARNING: [Synth 8-6090] variable 'cache_valid_dirty' is written by both blocking and non-blocking assignments, entire logic could be removed [/shared/DebianVMSharedDirectory/CPU2/rtl/memory/memory_with_bram_cache.sv:226]
WARNING: [Synth 8-6090] variable 'cache_valid_dirty' is written by both blocking and non-blocking assignments, entire logic could be removed [/shared/DebianVMSharedDirectory/CPU2/rtl/memory/memory_with_bram_cache.sv:226]
WARNING: [Synth 8-6090] variable 'cache_valid_dirty' is written by both blocking and non-blocking assignments, entire logic could be removed [/shared/DebianVMSharedDirectory/CPU2/rtl/memory/memory_with_bram_cache.sv:226]
WARNING: [Synth 8-6090] variable 'cache_valid_dirty' is written by both blocking and non-blocking assignments, entire logic could be removed [/shared/DebianVMSharedDirectory/CPU2/rtl/memory/memory_with_bram_cache.sv:226]
WARNING: [Synth 8-6090] variable 'cache_valid_dirty' is written by both blocking and non-blocking assignments, entire logic could be removed [/shared/DebianVMSharedDirectory/CPU2/rtl/memory/memory_with_bram_cache.sv:226]
WARNING: [Synth 8-6090] variable 'cache_valid_dirty' is written by both blocking and non-blocking assignments, entire logic could be removed [/shared/DebianVMSharedDirectory/CPU2/rtl/memory/memory_with_bram_cache.sv:226]
WARNING: [Synth 8-6090] variable 'cache_valid_dirty' is written by both blocking and non-blocking assignments, entire logic could be removed [/shared/DebianVMSharedDirectory/CPU2/rtl/memory/memory_with_bram_cache.sv:226]
WARNING: [Synth 8-6090] variable 'cache_valid_dirty' is written by both blocking and non-blocking assignments, entire logic could be removed [/shared/DebianVMSharedDirectory/CPU2/rtl/memory/memory_with_bram_cache.sv:226]
WARNING: [Synth 8-6090] variable 'cache_valid_dirty' is written by both blocking and non-blocking assignments, entire logic could be removed [/shared/DebianVMSharedDirectory/CPU2/rtl/memory/memory_with_bram_cache.sv:226]
WARNING: [Synth 8-6090] variable 'cache_valid_dirty' is written by both blocking and non-blocking assignments, entire logic could be removed [/shared/DebianVMSharedDirectory/CPU2/rtl/memory/memory_with_bram_cache.sv:226]
INFO: [Synth 8-155] case statement is not full and has no default [/shared/DebianVMSharedDirectory/CPU2/rtl/memory/memory_with_bram_cache.sv:252]
INFO: [Synth 8-155] case statement is not full and has no default [/shared/DebianVMSharedDirectory/CPU2/rtl/memory/memory_with_bram_cache.sv:286]
INFO: [Synth 8-155] case statement is not full and has no default [/shared/DebianVMSharedDirectory/CPU2/rtl/memory/memory_with_bram_cache.sv:360]
INFO: [Synth 8-6155] done synthesizing module 'memory_with_bram_cache__parameterized0' (0#1) [/shared/DebianVMSharedDirectory/CPU2/rtl/memory/memory_with_bram_cache.sv:1]
INFO: [Synth 8-6157] synthesizing module 'uart_over_axi4lite' [/shared/DebianVMSharedDirectory/CPU2/rtl/uart/uart.sv:1]
INFO: [Synth 8-155] case statement is not full and has no default [/shared/DebianVMSharedDirectory/CPU2/rtl/uart/uart.sv:132]
INFO: [Synth 8-155] case statement is not full and has no default [/shared/DebianVMSharedDirectory/CPU2/rtl/uart/uart.sv:166]
INFO: [Synth 8-155] case statement is not full and has no default [/shared/DebianVMSharedDirectory/CPU2/rtl/uart/uart.sv:170]
INFO: [Synth 8-155] case statement is not full and has no default [/shared/DebianVMSharedDirectory/CPU2/rtl/uart/uart.sv:210]
INFO: [Synth 8-155] case statement is not full and has no default [/shared/DebianVMSharedDirectory/CPU2/rtl/uart/uart.sv:229]
INFO: [Synth 8-155] case statement is not full and has no default [/shared/DebianVMSharedDirectory/CPU2/rtl/uart/uart.sv:260]
INFO: [Synth 8-6155] done synthesizing module 'uart_over_axi4lite' (0#1) [/shared/DebianVMSharedDirectory/CPU2/rtl/uart/uart.sv:1]
INFO: [Synth 8-6157] synthesizing module 'memory_controller' [/shared/DebianVMSharedDirectory/CPU2/rtl/memory/memory_controller.sv:1]
INFO: [Synth 8-294] found qualifier unique on case statement: implementing as parallel_case [/shared/DebianVMSharedDirectory/CPU2/rtl/memory/memory_controller.sv:49]
INFO: [Synth 8-294] found qualifier unique on case statement: implementing as parallel_case [/shared/DebianVMSharedDirectory/CPU2/rtl/memory/memory_controller.sv:61]
INFO: [Synth 8-294] found qualifier unique on case statement: implementing as parallel_case [/shared/DebianVMSharedDirectory/CPU2/rtl/memory/memory_controller.sv:83]
INFO: [Synth 8-294] found qualifier unique on case statement: implementing as parallel_case [/shared/DebianVMSharedDirectory/CPU2/rtl/memory/memory_controller.sv:123]
INFO: [Synth 8-294] found qualifier unique on case statement: implementing as parallel_case [/shared/DebianVMSharedDirectory/CPU2/rtl/memory/memory_controller.sv:128]
INFO: [Synth 8-294] found qualifier unique on case statement: implementing as parallel_case [/shared/DebianVMSharedDirectory/CPU2/rtl/memory/memory_controller.sv:155]
INFO: [Synth 8-294] found qualifier unique on case statement: implementing as parallel_case [/shared/DebianVMSharedDirectory/CPU2/rtl/memory/memory_controller.sv:177]
INFO: [Synth 8-6155] done synthesizing module 'memory_controller' (0#1) [/shared/DebianVMSharedDirectory/CPU2/rtl/memory/memory_controller.sv:1]
INFO: [Synth 8-6157] synthesizing module 'instruction_fetch' [/shared/DebianVMSharedDirectory/CPU2/rtl/pipeline_stages/1_instruction_fetch/instruction_fetch.sv:1]
INFO: [Synth 8-6155] done synthesizing module 'instruction_fetch' (0#1) [/shared/DebianVMSharedDirectory/CPU2/rtl/pipeline_stages/1_instruction_fetch/instruction_fetch.sv:1]
INFO: [Synth 8-6157] synthesizing module 'instruction_decode' [/shared/DebianVMSharedDirectory/CPU2/rtl/pipeline_stages/2_instruction_decode/instruction_decode.sv:5]
INFO: [Synth 8-294] found qualifier unique on case statement: implementing as parallel_case [/shared/DebianVMSharedDirectory/CPU2/rtl/pipeline_stages/2_instruction_decode/instruction_decode.sv:143]
INFO: [Synth 8-294] found qualifier unique on case statement: implementing as parallel_case [/shared/DebianVMSharedDirectory/CPU2/rtl/pipeline_stages/2_instruction_decode/instruction_decode.sv:147]
INFO: [Synth 8-294] found qualifier unique on case statement: implementing as parallel_case [/shared/DebianVMSharedDirectory/CPU2/rtl/pipeline_stages/2_instruction_decode/instruction_decode.sv:156]
INFO: [Synth 8-294] found qualifier unique on case statement: implementing as parallel_case [/shared/DebianVMSharedDirectory/CPU2/rtl/pipeline_stages/2_instruction_decode/instruction_decode.sv:182]
INFO: [Synth 8-294] found qualifier unique on case statement: implementing as parallel_case [/shared/DebianVMSharedDirectory/CPU2/rtl/pipeline_stages/2_instruction_decode/instruction_decode.sv:229]
INFO: [Synth 8-294] found qualifier unique on case statement: implementing as parallel_case [/shared/DebianVMSharedDirectory/CPU2/rtl/pipeline_stages/2_instruction_decode/instruction_decode.sv:248]
INFO: [Synth 8-294] found qualifier unique on case statement: implementing as parallel_case [/shared/DebianVMSharedDirectory/CPU2/rtl/pipeline_stages/2_instruction_decode/instruction_decode.sv:262]
INFO: [Synth 8-294] found qualifier unique on case statement: implementing as parallel_case [/shared/DebianVMSharedDirectory/CPU2/rtl/pipeline_stages/2_instruction_decode/instruction_decode.sv:318]
INFO: [Synth 8-294] found qualifier unique on case statement: implementing as parallel_case [/shared/DebianVMSharedDirectory/CPU2/rtl/pipeline_stages/2_instruction_decode/instruction_decode.sv:330]
INFO: [Synth 8-294] found qualifier unique on case statement: implementing as parallel_case [/shared/DebianVMSharedDirectory/CPU2/rtl/pipeline_stages/2_instruction_decode/instruction_decode.sv:392]
INFO: [Synth 8-294] found qualifier unique on case statement: implementing as parallel_case [/shared/DebianVMSharedDirectory/CPU2/rtl/pipeline_stages/2_instruction_decode/instruction_decode.sv:406]
INFO: [Synth 8-6155] done synthesizing module 'instruction_decode' (0#1) [/shared/DebianVMSharedDirectory/CPU2/rtl/pipeline_stages/2_instruction_decode/instruction_decode.sv:5]
INFO: [Synth 8-6157] synthesizing module 'execute' [/shared/DebianVMSharedDirectory/CPU2/rtl/pipeline_stages/3_execute/execute.sv:1]
INFO: [Synth 8-294] found qualifier unique on case statement: implementing as parallel_case [/shared/DebianVMSharedDirectory/CPU2/rtl/pipeline_stages/3_execute/execute.sv:89]
INFO: [Synth 8-294] found qualifier unique on case statement: implementing as parallel_case [/shared/DebianVMSharedDirectory/CPU2/rtl/pipeline_stages/3_execute/execute.sv:106]
INFO: [Synth 8-6155] done synthesizing module 'execute' (0#1) [/shared/DebianVMSharedDirectory/CPU2/rtl/pipeline_stages/3_execute/execute.sv:1]
INFO: [Synth 8-6157] synthesizing module 'memoryrw' [/shared/DebianVMSharedDirectory/CPU2/rtl/pipeline_stages/4_memoryrw/memoryrw.sv:1]
INFO: [Synth 8-6155] done synthesizing module 'memoryrw' (0#1) [/shared/DebianVMSharedDirectory/CPU2/rtl/pipeline_stages/4_memoryrw/memoryrw.sv:1]
INFO: [Synth 8-6157] synthesizing module 'writeback_stage' [/shared/DebianVMSharedDirectory/CPU2/rtl/pipeline_stages/5_writeback/writeback_stage.sv:3]
INFO: [Synth 8-6155] done synthesizing module 'writeback_stage' (0#1) [/shared/DebianVMSharedDirectory/CPU2/rtl/pipeline_stages/5_writeback/writeback_stage.sv:3]
INFO: [Synth 8-6155] done synthesizing module 'tp_lvl' (0#1) [/shared/DebianVMSharedDirectory/CPU2/rtl/tp_lvl.sv:1]
WARNING: [Synth 8-87] always_comb on 'bulk_read_in\.req_ready_reg' did not result in combinational logic [/shared/DebianVMSharedDirectory/CPU2/rtl/memory/bulk_read_to_axi_adapter.sv:100]
WARNING: [Synth 8-87] always_comb on 'next_state_reg' did not result in combinational logic [/shared/DebianVMSharedDirectory/CPU2/rtl/memory/bulk_read_to_axi_adapter.sv:103]
WARNING: [Synth 8-3848] Net axi_write_out\.wlast in module/entity bulk_read_to_axi_adapter does not have driver. [/shared/DebianVMSharedDirectory/CPU2/rtl/memory/bulk_read_to_axi_adapter.sv:7]
WARNING: [Synth 8-3848] Net axi_write_out\.wuser in module/entity bulk_read_to_axi_adapter does not have driver. [/shared/DebianVMSharedDirectory/CPU2/rtl/memory/bulk_read_to_axi_adapter.sv:7]
WARNING: [Synth 8-87] always_comb on 'read_slv\.rvalid_reg' did not result in combinational logic [/shared/DebianVMSharedDirectory/CPU2/rtl/memory/bram_over_axi.sv:114]
WARNING: [Synth 8-87] always_comb on 'read_slv\.arready_reg' did not result in combinational logic [/shared/DebianVMSharedDirectory/CPU2/rtl/memory/bram_over_axi.sv:115]
WARNING: [Synth 8-87] always_comb on 'read_slv\.rresp_reg' did not result in combinational logic [/shared/DebianVMSharedDirectory/CPU2/rtl/memory/bram_over_axi.sv:125]
WARNING: [Synth 8-87] always_comb on 'read_slv\.rlast_reg' did not result in combinational logic [/shared/DebianVMSharedDirectory/CPU2/rtl/memory/bram_over_axi.sv:126]
WARNING: [Synth 8-87] always_comb on 'write_slv\.awready_reg' did not result in combinational logic [/shared/DebianVMSharedDirectory/CPU2/rtl/memory/bram_over_axi.sv:156]
WARNING: [Synth 8-87] always_comb on 'write_slv\.wready_reg' did not result in combinational logic [/shared/DebianVMSharedDirectory/CPU2/rtl/memory/bram_over_axi.sv:157]
WARNING: [Synth 8-87] always_comb on 'write_slv\.bvalid_reg' did not result in combinational logic [/shared/DebianVMSharedDirectory/CPU2/rtl/memory/bram_over_axi.sv:158]
WARNING: [Synth 8-87] always_comb on 'write_slv\.bresp_reg' did not result in combinational logic [/shared/DebianVMSharedDirectory/CPU2/rtl/memory/bram_over_axi.sv:159]
WARNING: [Synth 8-87] always_comb on 'araddr_next_reg' did not result in combinational logic [/shared/DebianVMSharedDirectory/CPU2/rtl/memory/bram_over_axi.sv:199]
WARNING: [Synth 8-87] always_comb on 'read_current_beat_next_reg' did not result in combinational logic [/shared/DebianVMSharedDirectory/CPU2/rtl/memory/bram_over_axi.sv:200]
WARNING: [Synth 8-87] always_comb on 'awaddr_next_reg' did not result in combinational logic [/shared/DebianVMSharedDirectory/CPU2/rtl/memory/bram_over_axi.sv:218]
WARNING: [Synth 8-87] always_comb on 'write_current_beat_next_reg' did not result in combinational logic [/shared/DebianVMSharedDirectory/CPU2/rtl/memory/bram_over_axi.sv:220]
WARNING: [Synth 8-3848] Net write_slv\.buser in module/entity bram_over_axi does not have driver. [/shared/DebianVMSharedDirectory/CPU2/rtl/memory/bram_over_axi.sv:19]
WARNING: [Synth 8-3848] Net read_slv\.ruser in module/entity bram_over_axi does not have driver. [/shared/DebianVMSharedDirectory/CPU2/rtl/memory/bram_over_axi.sv:20]
WARNING: [Synth 8-3848] Net memory_access_out\.dumping_cache in module/entity bulk_read_multiplexer does not have driver. [/shared/DebianVMSharedDirectory/CPU2/rtl/memory/bulk_read_multiplexer.sv:4]
WARNING: [Synth 8-11357] Potential Runtime issue for 3D-RAM or RAM from Record/Structs for RAM  cache_memory_reg with 16384 registers
WARNING: [Synth 8-87] always_comb on 'effective_state_reg' did not result in combinational logic [/shared/DebianVMSharedDirectory/CPU2/rtl/memory/memory_with_bram_cache.sv:253]
WARNING: [Synth 8-3848] Net cache_wr_int\.bresp in module/entity memory_with_bram_cache does not have driver. [/shared/DebianVMSharedDirectory/CPU2/rtl/memory/memory_with_bram_cache.sv:23]
WARNING: [Synth 8-3848] Net cache_wr_int\.buser in module/entity memory_with_bram_cache does not have driver. [/shared/DebianVMSharedDirectory/CPU2/rtl/memory/memory_with_bram_cache.sv:23]
WARNING: [Synth 8-3848] Net offset in module/entity memory_with_bram_cache does not have driver. [/shared/DebianVMSharedDirectory/CPU2/rtl/memory/memory_with_bram_cache.sv:371]
WARNING: [Synth 8-3848] Net cache_rd_int\.rresp in module/entity memory_with_bram_cache does not have driver. [/shared/DebianVMSharedDirectory/CPU2/rtl/memory/memory_with_bram_cache.sv:24]
WARNING: [Synth 8-3848] Net cache_rd_int\.ruser in module/entity memory_with_bram_cache does not have driver. [/shared/DebianVMSharedDirectory/CPU2/rtl/memory/memory_with_bram_cache.sv:24]
WARNING: [Synth 8-3848] Net offset in module/entity memory_with_bram_cache does not have driver. [/shared/DebianVMSharedDirectory/CPU2/rtl/memory/memory_with_bram_cache.sv:377]
WARNING: [Synth 8-87] always_comb on 'recieve_state_d_reg' did not result in combinational logic [/shared/DebianVMSharedDirectory/CPU2/rtl/uart/uart.sv:213]
WARNING: [Synth 8-87] always_comb on 'tx_output_state_d_reg' did not result in combinational logic [/shared/DebianVMSharedDirectory/CPU2/rtl/uart/uart.sv:246]
WARNING: [Synth 8-87] always_comb on 'read_access\.arready_reg' did not result in combinational logic [/shared/DebianVMSharedDirectory/CPU2/rtl/uart/uart.sv:263]
WARNING: [Synth 8-87] always_comb on 'reader_state_d_reg' did not result in combinational logic [/shared/DebianVMSharedDirectory/CPU2/rtl/uart/uart.sv:277]
WARNING: [Synth 8-3848] Net read_access\.rresp in module/entity uart_over_axi4lite does not have driver. [/shared/DebianVMSharedDirectory/CPU2/rtl/uart/uart.sv:13]
WARNING: [Synth 8-3848] Net read_access\.ruser in module/entity uart_over_axi4lite does not have driver. [/shared/DebianVMSharedDirectory/CPU2/rtl/uart/uart.sv:13]
WARNING: [Synth 8-3848] Net write_access\.bresp in module/entity uart_over_axi4lite does not have driver. [/shared/DebianVMSharedDirectory/CPU2/rtl/uart/uart.sv:14]
WARNING: [Synth 8-3848] Net write_access\.buser in module/entity uart_over_axi4lite does not have driver. [/shared/DebianVMSharedDirectory/CPU2/rtl/uart/uart.sv:14]
WARNING: [Synth 8-3848] Net read\.rresp in module/entity memory_controller does not have driver. [/shared/DebianVMSharedDirectory/CPU2/rtl/memory/memory_controller.sv:5]
WARNING: [Synth 8-3848] Net read\.ruser in module/entity memory_controller does not have driver. [/shared/DebianVMSharedDirectory/CPU2/rtl/memory/memory_controller.sv:5]
WARNING: [Synth 8-3848] Net write\.bresp in module/entity memory_controller does not have driver. [/shared/DebianVMSharedDirectory/CPU2/rtl/memory/memory_controller.sv:6]
WARNING: [Synth 8-3848] Net write\.buser in module/entity memory_controller does not have driver. [/shared/DebianVMSharedDirectory/CPU2/rtl/memory/memory_controller.sv:6]
WARNING: [Synth 8-3848] Net cache_read\.arprot in module/entity memory_controller does not have driver. [/shared/DebianVMSharedDirectory/CPU2/rtl/memory/memory_controller.sv:8]
WARNING: [Synth 8-3848] Net cache_read\.aruser in module/entity memory_controller does not have driver. [/shared/DebianVMSharedDirectory/CPU2/rtl/memory/memory_controller.sv:8]
WARNING: [Synth 8-3848] Net cache_write\.awprot in module/entity memory_controller does not have driver. [/shared/DebianVMSharedDirectory/CPU2/rtl/memory/memory_controller.sv:9]
WARNING: [Synth 8-3848] Net cache_write\.awuser in module/entity memory_controller does not have driver. [/shared/DebianVMSharedDirectory/CPU2/rtl/memory/memory_controller.sv:9]
WARNING: [Synth 8-3848] Net cache_write\.wuser in module/entity memory_controller does not have driver. [/shared/DebianVMSharedDirectory/CPU2/rtl/memory/memory_controller.sv:9]
WARNING: [Synth 8-3848] Net uart_read\.arprot in module/entity memory_controller does not have driver. [/shared/DebianVMSharedDirectory/CPU2/rtl/memory/memory_controller.sv:11]
WARNING: [Synth 8-3848] Net uart_read\.aruser in module/entity memory_controller does not have driver. [/shared/DebianVMSharedDirectory/CPU2/rtl/memory/memory_controller.sv:11]
WARNING: [Synth 8-3848] Net uart_write\.awprot in module/entity memory_controller does not have driver. [/shared/DebianVMSharedDirectory/CPU2/rtl/memory/memory_controller.sv:12]
WARNING: [Synth 8-3848] Net uart_write\.awuser in module/entity memory_controller does not have driver. [/shared/DebianVMSharedDirectory/CPU2/rtl/memory/memory_controller.sv:12]
WARNING: [Synth 8-3848] Net uart_write\.wuser in module/entity memory_controller does not have driver. [/shared/DebianVMSharedDirectory/CPU2/rtl/memory/memory_controller.sv:12]
WARNING: [Synth 8-3848] Net mem_rd\.arprot in module/entity instruction_fetch does not have driver. [/shared/DebianVMSharedDirectory/CPU2/rtl/pipeline_stages/1_instruction_fetch/instruction_fetch.sv:17]
WARNING: [Synth 8-3848] Net mem_rd\.aruser in module/entity instruction_fetch does not have driver. [/shared/DebianVMSharedDirectory/CPU2/rtl/pipeline_stages/1_instruction_fetch/instruction_fetch.sv:17]
WARNING: [Synth 8-87] always_comb on 'operand_2_next_register_reg' did not result in combinational logic [/shared/DebianVMSharedDirectory/CPU2/rtl/pipeline_stages/2_instruction_decode/instruction_decode.sv:324]
WARNING: [Synth 8-87] always_comb on 'misc_op_d_reg' did not result in combinational logic [/shared/DebianVMSharedDirectory/CPU2/rtl/pipeline_stages/2_instruction_decode/instruction_decode.sv:326]
WARNING: [Synth 8-3848] Net mem_wr\.awprot in module/entity memoryrw does not have driver. [/shared/DebianVMSharedDirectory/CPU2/rtl/pipeline_stages/4_memoryrw/memoryrw.sv:48]
WARNING: [Synth 8-3848] Net mem_wr\.awuser in module/entity memoryrw does not have driver. [/shared/DebianVMSharedDirectory/CPU2/rtl/pipeline_stages/4_memoryrw/memoryrw.sv:48]
WARNING: [Synth 8-3848] Net mem_wr\.wuser in module/entity memoryrw does not have driver. [/shared/DebianVMSharedDirectory/CPU2/rtl/pipeline_stages/4_memoryrw/memoryrw.sv:48]
WARNING: [Synth 8-3848] Net mem_rd\.arprot in module/entity memoryrw does not have driver. [/shared/DebianVMSharedDirectory/CPU2/rtl/pipeline_stages/4_memoryrw/memoryrw.sv:49]
WARNING: [Synth 8-3848] Net mem_rd\.aruser in module/entity memoryrw does not have driver. [/shared/DebianVMSharedDirectory/CPU2/rtl/pipeline_stages/4_memoryrw/memoryrw.sv:49]
WARNING: [Synth 8-3848] Net if_memory_interface\.awaddr in module/entity tp_lvl does not have driver. [/shared/DebianVMSharedDirectory/CPU2/rtl/memory/lib/axil_interface_if.sv:40]
WARNING: [Synth 8-3848] Net if_memory_interface\.awprot in module/entity tp_lvl does not have driver. [/shared/DebianVMSharedDirectory/CPU2/rtl/memory/lib/axil_interface_if.sv:41]
WARNING: [Synth 8-3848] Net if_memory_interface\.awuser in module/entity tp_lvl does not have driver. [/shared/DebianVMSharedDirectory/CPU2/rtl/memory/lib/axil_interface_if.sv:42]
WARNING: [Synth 8-3848] Net if_memory_interface\.wdata in module/entity tp_lvl does not have driver. [/shared/DebianVMSharedDirectory/CPU2/rtl/memory/lib/axil_interface_if.sv:46]
WARNING: [Synth 8-3848] Net if_memory_interface\.wstrb in module/entity tp_lvl does not have driver. [/shared/DebianVMSharedDirectory/CPU2/rtl/memory/lib/axil_interface_if.sv:47]
WARNING: [Synth 8-3848] Net if_memory_interface\.wuser in module/entity tp_lvl does not have driver. [/shared/DebianVMSharedDirectory/CPU2/rtl/memory/lib/axil_interface_if.sv:48]
WARNING: [Synth 8-3848] Net if_memory_interface\.arprot in module/entity tp_lvl does not have driver. [/shared/DebianVMSharedDirectory/CPU2/rtl/memory/lib/axil_interface_if.sv:58]
WARNING: [Synth 8-3848] Net if_memory_interface\.aruser in module/entity tp_lvl does not have driver. [/shared/DebianVMSharedDirectory/CPU2/rtl/memory/lib/axil_interface_if.sv:59]
WARNING: [Synth 8-3848] Net x32_bit_if_memory_interface\.rresp in module/entity tp_lvl does not have driver. [/shared/DebianVMSharedDirectory/CPU2/rtl/memory/lib/axil_interface_if.sv:64]
WARNING: [Synth 8-3848] Net x32_bit_if_memory_interface\.ruser in module/entity tp_lvl does not have driver. [/shared/DebianVMSharedDirectory/CPU2/rtl/memory/lib/axil_interface_if.sv:65]
WARNING: [Synth 8-3848] Net x32_bit_if_memory_interface\.awaddr in module/entity tp_lvl does not have driver. [/shared/DebianVMSharedDirectory/CPU2/rtl/memory/lib/axil_interface_if.sv:40]
WARNING: [Synth 8-3848] Net x32_bit_if_memory_interface\.awprot in module/entity tp_lvl does not have driver. [/shared/DebianVMSharedDirectory/CPU2/rtl/memory/lib/axil_interface_if.sv:41]
WARNING: [Synth 8-3848] Net x32_bit_if_memory_interface\.awuser in module/entity tp_lvl does not have driver. [/shared/DebianVMSharedDirectory/CPU2/rtl/memory/lib/axil_interface_if.sv:42]
WARNING: [Synth 8-3848] Net x32_bit_if_memory_interface\.awvalid in module/entity tp_lvl does not have driver. [/shared/DebianVMSharedDirectory/CPU2/rtl/memory/lib/axil_interface_if.sv:43]
WARNING: [Synth 8-3848] Net x32_bit_if_memory_interface\.awready in module/entity tp_lvl does not have driver. [/shared/DebianVMSharedDirectory/CPU2/rtl/memory/lib/axil_interface_if.sv:44]
WARNING: [Synth 8-3848] Net x32_bit_if_memory_interface\.wdata in module/entity tp_lvl does not have driver. [/shared/DebianVMSharedDirectory/CPU2/rtl/memory/lib/axil_interface_if.sv:46]
WARNING: [Synth 8-3848] Net x32_bit_if_memory_interface\.wstrb in module/entity tp_lvl does not have driver. [/shared/DebianVMSharedDirectory/CPU2/rtl/memory/lib/axil_interface_if.sv:47]
WARNING: [Synth 8-3848] Net x32_bit_if_memory_interface\.wuser in module/entity tp_lvl does not have driver. [/shared/DebianVMSharedDirectory/CPU2/rtl/memory/lib/axil_interface_if.sv:48]
WARNING: [Synth 8-3848] Net x32_bit_if_memory_interface\.wvalid in module/entity tp_lvl does not have driver. [/shared/DebianVMSharedDirectory/CPU2/rtl/memory/lib/axil_interface_if.sv:49]
WARNING: [Synth 8-3848] Net x32_bit_if_memory_interface\.wready in module/entity tp_lvl does not have driver. [/shared/DebianVMSharedDirectory/CPU2/rtl/memory/lib/axil_interface_if.sv:50]
WARNING: [Synth 8-3848] Net x32_bit_if_memory_interface\.bresp in module/entity tp_lvl does not have driver. [/shared/DebianVMSharedDirectory/CPU2/rtl/memory/lib/axil_interface_if.sv:52]
WARNING: [Synth 8-3848] Net x32_bit_if_memory_interface\.buser in module/entity tp_lvl does not have driver. [/shared/DebianVMSharedDirectory/CPU2/rtl/memory/lib/axil_interface_if.sv:53]
WARNING: [Synth 8-3848] Net x32_bit_if_memory_interface\.bvalid in module/entity tp_lvl does not have driver. [/shared/DebianVMSharedDirectory/CPU2/rtl/memory/lib/axil_interface_if.sv:54]
WARNING: [Synth 8-3848] Net x32_bit_if_memory_interface\.bready in module/entity tp_lvl does not have driver. [/shared/DebianVMSharedDirectory/CPU2/rtl/memory/lib/axil_interface_if.sv:55]
WARNING: [Synth 8-7129] Port mem_wr\.awprot[2] in module memoryrw is either unconnected or has no load
WARNING: [Synth 8-7129] Port mem_wr\.awprot[1] in module memoryrw is either unconnected or has no load
WARNING: [Synth 8-7129] Port mem_wr\.awprot[0] in module memoryrw is either unconnected or has no load
WARNING: [Synth 8-7129] Port mem_wr\.awuser[0] in module memoryrw is either unconnected or has no load
WARNING: [Synth 8-7129] Port mem_wr\.wuser[0] in module memoryrw is either unconnected or has no load
WARNING: [Synth 8-7129] Port mem_rd\.arprot[2] in module memoryrw is either unconnected or has no load
WARNING: [Synth 8-7129] Port mem_rd\.arprot[1] in module memoryrw is either unconnected or has no load
WARNING: [Synth 8-7129] Port mem_rd\.arprot[0] in module memoryrw is either unconnected or has no load
WARNING: [Synth 8-7129] Port mem_rd\.aruser[0] in module memoryrw is either unconnected or has no load
WARNING: [Synth 8-7129] Port mem_wr\.bresp[1] in module memoryrw is either unconnected or has no load
WARNING: [Synth 8-7129] Port mem_wr\.bresp[0] in module memoryrw is either unconnected or has no load
WARNING: [Synth 8-7129] Port mem_wr\.buser[0] in module memoryrw is either unconnected or has no load
WARNING: [Synth 8-7129] Port mem_wr\.bvalid in module memoryrw is either unconnected or has no load
WARNING: [Synth 8-7129] Port mem_wr\.araddr[63] in module memoryrw is either unconnected or has no load
WARNING: [Synth 8-7129] Port mem_wr\.araddr[62] in module memoryrw is either unconnected or has no load
WARNING: [Synth 8-7129] Port mem_wr\.araddr[61] in module memoryrw is either unconnected or has no load
WARNING: [Synth 8-7129] Port mem_wr\.araddr[60] in module memoryrw is either unconnected or has no load
WARNING: [Synth 8-7129] Port mem_wr\.araddr[59] in module memoryrw is either unconnected or has no load
WARNING: [Synth 8-7129] Port mem_wr\.araddr[58] in module memoryrw is either unconnected or has no load
WARNING: [Synth 8-7129] Port mem_wr\.araddr[57] in module memoryrw is either unconnected or has no load
WARNING: [Synth 8-7129] Port mem_wr\.araddr[56] in module memoryrw is either unconnected or has no load
WARNING: [Synth 8-7129] Port mem_wr\.araddr[55] in module memoryrw is either unconnected or has no load
WARNING: [Synth 8-7129] Port mem_wr\.araddr[54] in module memoryrw is either unconnected or has no load
WARNING: [Synth 8-7129] Port mem_wr\.araddr[53] in module memoryrw is either unconnected or has no load
WARNING: [Synth 8-7129] Port mem_wr\.araddr[52] in module memoryrw is either unconnected or has no load
WARNING: [Synth 8-7129] Port mem_wr\.araddr[51] in module memoryrw is either unconnected or has no load
WARNING: [Synth 8-7129] Port mem_wr\.araddr[50] in module memoryrw is either unconnected or has no load
WARNING: [Synth 8-7129] Port mem_wr\.araddr[49] in module memoryrw is either unconnected or has no load
WARNING: [Synth 8-7129] Port mem_wr\.araddr[48] in module memoryrw is either unconnected or has no load
WARNING: [Synth 8-7129] Port mem_wr\.araddr[47] in module memoryrw is either unconnected or has no load
WARNING: [Synth 8-7129] Port mem_wr\.araddr[46] in module memoryrw is either unconnected or has no load
WARNING: [Synth 8-7129] Port mem_wr\.araddr[45] in module memoryrw is either unconnected or has no load
WARNING: [Synth 8-7129] Port mem_wr\.araddr[44] in module memoryrw is either unconnected or has no load
WARNING: [Synth 8-7129] Port mem_wr\.araddr[43] in module memoryrw is either unconnected or has no load
WARNING: [Synth 8-7129] Port mem_wr\.araddr[42] in module memoryrw is either unconnected or has no load
WARNING: [Synth 8-7129] Port mem_wr\.araddr[41] in module memoryrw is either unconnected or has no load
WARNING: [Synth 8-7129] Port mem_wr\.araddr[40] in module memoryrw is either unconnected or has no load
WARNING: [Synth 8-7129] Port mem_wr\.araddr[39] in module memoryrw is either unconnected or has no load
WARNING: [Synth 8-7129] Port mem_wr\.araddr[38] in module memoryrw is either unconnected or has no load
WARNING: [Synth 8-7129] Port mem_wr\.araddr[37] in module memoryrw is either unconnected or has no load
WARNING: [Synth 8-7129] Port mem_wr\.araddr[36] in module memoryrw is either unconnected or has no load
WARNING: [Synth 8-7129] Port mem_wr\.araddr[35] in module memoryrw is either unconnected or has no load
WARNING: [Synth 8-7129] Port mem_wr\.araddr[34] in module memoryrw is either unconnected or has no load
WARNING: [Synth 8-7129] Port mem_wr\.araddr[33] in module memoryrw is either unconnected or has no load
WARNING: [Synth 8-7129] Port mem_wr\.araddr[32] in module memoryrw is either unconnected or has no load
WARNING: [Synth 8-7129] Port mem_wr\.araddr[31] in module memoryrw is either unconnected or has no load
WARNING: [Synth 8-7129] Port mem_wr\.araddr[30] in module memoryrw is either unconnected or has no load
WARNING: [Synth 8-7129] Port mem_wr\.araddr[29] in module memoryrw is either unconnected or has no load
WARNING: [Synth 8-7129] Port mem_wr\.araddr[28] in module memoryrw is either unconnected or has no load
WARNING: [Synth 8-7129] Port mem_wr\.araddr[27] in module memoryrw is either unconnected or has no load
WARNING: [Synth 8-7129] Port mem_wr\.araddr[26] in module memoryrw is either unconnected or has no load
WARNING: [Synth 8-7129] Port mem_wr\.araddr[25] in module memoryrw is either unconnected or has no load
WARNING: [Synth 8-7129] Port mem_wr\.araddr[24] in module memoryrw is either unconnected or has no load
WARNING: [Synth 8-7129] Port mem_wr\.araddr[23] in module memoryrw is either unconnected or has no load
WARNING: [Synth 8-7129] Port mem_wr\.araddr[22] in module memoryrw is either unconnected or has no load
WARNING: [Synth 8-7129] Port mem_wr\.araddr[21] in module memoryrw is either unconnected or has no load
WARNING: [Synth 8-7129] Port mem_wr\.araddr[20] in module memoryrw is either unconnected or has no load
WARNING: [Synth 8-7129] Port mem_wr\.araddr[19] in module memoryrw is either unconnected or has no load
WARNING: [Synth 8-7129] Port mem_wr\.araddr[18] in module memoryrw is either unconnected or has no load
WARNING: [Synth 8-7129] Port mem_wr\.araddr[17] in module memoryrw is either unconnected or has no load
WARNING: [Synth 8-7129] Port mem_wr\.araddr[16] in module memoryrw is either unconnected or has no load
WARNING: [Synth 8-7129] Port mem_wr\.araddr[15] in module memoryrw is either unconnected or has no load
WARNING: [Synth 8-7129] Port mem_wr\.araddr[14] in module memoryrw is either unconnected or has no load
WARNING: [Synth 8-7129] Port mem_wr\.araddr[13] in module memoryrw is either unconnected or has no load
WARNING: [Synth 8-7129] Port mem_wr\.araddr[12] in module memoryrw is either unconnected or has no load
WARNING: [Synth 8-7129] Port mem_wr\.araddr[11] in module memoryrw is either unconnected or has no load
WARNING: [Synth 8-7129] Port mem_wr\.araddr[10] in module memoryrw is either unconnected or has no load
WARNING: [Synth 8-7129] Port mem_wr\.araddr[9] in module memoryrw is either unconnected or has no load
WARNING: [Synth 8-7129] Port mem_wr\.araddr[8] in module memoryrw is either unconnected or has no load
WARNING: [Synth 8-7129] Port mem_wr\.araddr[7] in module memoryrw is either unconnected or has no load
WARNING: [Synth 8-7129] Port mem_wr\.araddr[6] in module memoryrw is either unconnected or has no load
WARNING: [Synth 8-7129] Port mem_wr\.araddr[5] in module memoryrw is either unconnected or has no load
WARNING: [Synth 8-7129] Port mem_wr\.araddr[4] in module memoryrw is either unconnected or has no load
WARNING: [Synth 8-7129] Port mem_wr\.araddr[3] in module memoryrw is either unconnected or has no load
WARNING: [Synth 8-7129] Port mem_wr\.araddr[2] in module memoryrw is either unconnected or has no load
WARNING: [Synth 8-7129] Port mem_wr\.araddr[1] in module memoryrw is either unconnected or has no load
WARNING: [Synth 8-7129] Port mem_wr\.araddr[0] in module memoryrw is either unconnected or has no load
WARNING: [Synth 8-7129] Port mem_wr\.arprot[2] in module memoryrw is either unconnected or has no load
WARNING: [Synth 8-7129] Port mem_wr\.arprot[1] in module memoryrw is either unconnected or has no load
WARNING: [Synth 8-7129] Port mem_wr\.arprot[0] in module memoryrw is either unconnected or has no load
WARNING: [Synth 8-7129] Port mem_wr\.aruser[0] in module memoryrw is either unconnected or has no load
WARNING: [Synth 8-7129] Port mem_wr\.arvalid in module memoryrw is either unconnected or has no load
WARNING: [Synth 8-7129] Port mem_wr\.arready in module memoryrw is either unconnected or has no load
WARNING: [Synth 8-7129] Port mem_wr\.rdata[63] in module memoryrw is either unconnected or has no load
WARNING: [Synth 8-7129] Port mem_wr\.rdata[62] in module memoryrw is either unconnected or has no load
WARNING: [Synth 8-7129] Port mem_wr\.rdata[61] in module memoryrw is either unconnected or has no load
WARNING: [Synth 8-7129] Port mem_wr\.rdata[60] in module memoryrw is either unconnected or has no load
WARNING: [Synth 8-7129] Port mem_wr\.rdata[59] in module memoryrw is either unconnected or has no load
WARNING: [Synth 8-7129] Port mem_wr\.rdata[58] in module memoryrw is either unconnected or has no load
WARNING: [Synth 8-7129] Port mem_wr\.rdata[57] in module memoryrw is either unconnected or has no load
WARNING: [Synth 8-7129] Port mem_wr\.rdata[56] in module memoryrw is either unconnected or has no load
WARNING: [Synth 8-7129] Port mem_wr\.rdata[55] in module memoryrw is either unconnected or has no load
WARNING: [Synth 8-7129] Port mem_wr\.rdata[54] in module memoryrw is either unconnected or has no load
WARNING: [Synth 8-7129] Port mem_wr\.rdata[53] in module memoryrw is either unconnected or has no load
WARNING: [Synth 8-7129] Port mem_wr\.rdata[52] in module memoryrw is either unconnected or has no load
WARNING: [Synth 8-7129] Port mem_wr\.rdata[51] in module memoryrw is either unconnected or has no load
WARNING: [Synth 8-7129] Port mem_wr\.rdata[50] in module memoryrw is either unconnected or has no load
WARNING: [Synth 8-7129] Port mem_wr\.rdata[49] in module memoryrw is either unconnected or has no load
WARNING: [Synth 8-7129] Port mem_wr\.rdata[48] in module memoryrw is either unconnected or has no load
WARNING: [Synth 8-7129] Port mem_wr\.rdata[47] in module memoryrw is either unconnected or has no load
INFO: [Common 17-14] Message 'Synth 8-7129' appears 100 times and further instances of the messages will be disabled. Use the Tcl command set_msg_config to change the current settings.
---------------------------------------------------------------------------------
Finished RTL Elaboration : Time (s): cpu = 00:00:08 ; elapsed = 00:00:08 . Memory (MB): peak = 2719.203 ; gain = 669.141 ; free physical = 8088 ; free virtual = 10941
---------------------------------------------------------------------------------
---------------------------------------------------------------------------------
Start Handling Custom Attributes
---------------------------------------------------------------------------------
---------------------------------------------------------------------------------
Finished Handling Custom Attributes : Time (s): cpu = 00:00:08 ; elapsed = 00:00:08 . Memory (MB): peak = 2725.398 ; gain = 675.336 ; free physical = 8084 ; free virtual = 10938
---------------------------------------------------------------------------------
---------------------------------------------------------------------------------
Finished RTL Optimization Phase 1 : Time (s): cpu = 00:00:08 ; elapsed = 00:00:08 . Memory (MB): peak = 2725.398 ; gain = 675.336 ; free physical = 8084 ; free virtual = 10938
---------------------------------------------------------------------------------
Netlist sorting complete. Time (s): cpu = 00:00:00.88 ; elapsed = 00:00:00.88 . Memory (MB): peak = 2730.160 ; gain = 0.062 ; free physical = 8077 ; free virtual = 10930
INFO: [Common 17-41] Interrupt caught. Command should exit soon.
INFO: [Common 17-41] Interrupt caught. Command should exit soon.
INFO: [Common 17-41] Interrupt caught. Command should exit soon.
INFO: [Common 17-83] Releasing license: Synthesis
101 Infos, 280 Warnings, 0 Critical Warnings and 1 Errors encountered.
synth_design failed
INFO: [Common 17-344] 'synth_design' was cancelled
INFO: [Common 17-344] 'source' was cancelled
INFO: [Common 17-206] Exiting Vivado at Tue Sep 30 00:52:13 2025...
