#-----------------------------------------------------------
# Vivado v2024.2 (64-bit)
# SW Build 5239630 on Fri Nov 08 22:34:34 MST 2024
# IP Build 5239520 on Sun Nov 10 16:12:51 MST 2024
# SharedData Build 5239561 on Fri Nov 08 14:39:27 MST 2024
# Start of session at: Tue Sep 30 00:50:32 2025
# Process ID         : 520746
# Current directory  : /shared/DebianVMSharedDirectory/CPU2/vivado
# Command line       : vivado -mode tcl synth.tcl
# Log file           : /shared/DebianVMSharedDirectory/CPU2/vivado/vivado.log
# Journal file       : /shared/DebianVMSharedDirectory/CPU2/vivado/vivado.jou
# Running On         : debian-vm
# Platform           : Debian
# Operating System   : Debian GNU/Linux 12 (bookworm)
# Processor Detail   : VirtualApple @ 2.50GHz
# CPU Frequency      : 2502.057 MHz
# CPU Physical cores : 8
# CPU Logical cores  : 8
# Host memory        : 16754 MB
# Swap memory        : 1024 MB
# Total Virtual      : 17778 MB
# Available Virtual  : 13223 MB
#-----------------------------------------------------------
open_project synth.tcl
ERROR: [Coretcl 2-1982] Invalid project file name. File must have a valid project extension (.ppr/.xpr). Provided: synth.tcl
exit
INFO: [Common 17-206] Exiting Vivado at Tue Sep 30 00:50:40 2025...
